[35m[1mScanning dependencies of target PN_node[0m
[ 50%] Built target PN_node_turtlesim
[ 75%] [32mBuilding CXX object CMakeFiles/PN_node.dir/src/PN_node.cpp.o[0m
/home/scp/iiit-delhi/Ardupilot-using-ROS/ardupilot_ws/src/my_APMrover/src/PN_node.cpp: In function ‘int main(int, char**)’:
/home/scp/iiit-delhi/Ardupilot-using-ROS/ardupilot_ws/src/my_APMrover/src/PN_node.cpp:69:12: error: expected ‘;’ before string constant
   std::cout"x-coordinate: ";
            ^
/home/scp/iiit-delhi/Ardupilot-using-ROS/ardupilot_ws/src/my_APMrover/src/PN_node.cpp:70:11: error: no match for ‘operator<<’ (operand types are ‘std::istream {aka std::basic_istream<char>}’ and ‘double’)
   std::cin<<a;
           ^
In file included from /opt/ros/kinetic/include/ros/node_handle.h:52:0,
                 from /opt/ros/kinetic/include/ros/ros.h:45,
                 from /home/scp/iiit-delhi/Ardupilot-using-ROS/ardupilot_ws/src/my_APMrover/src/PN_node.cpp:20:
/opt/ros/kinetic/include/xmlrpcpp/XmlRpcValue.h:192:15: note: candidate: std::ostream& operator<<(std::ostream&, XmlRpc::XmlRpcValue&)
 std::ostream& operator<<(std::ostream& os, XmlRpc::XmlRpcValue& v);
               ^
/opt/ros/kinetic/include/xmlrpcpp/XmlRpcValue.h:192:15: note:   no known conversion for argument 1 from ‘std::istream {aka std::basic_istream<char>}’ to ‘std::ostream& {aka std::basic_ostream<char>&}’
In file included from /usr/include/boost/config/no_tr1/complex.hpp:21:0,
                 from /usr/include/boost/math/policies/error_handling.hpp:15,
                 from /usr/include/boost/math/special_functions/round.hpp:14,
                 from /opt/ros/kinetic/include/ros/time.h:58,
                 from /opt/ros/kinetic/include/ros/ros.h:38,
                 from /home/scp/iiit-delhi/Ardupilot-using-ROS/ardupilot_ws/src/my_APMrover/src/PN_node.cpp:20:
/usr/include/c++/5/complex:526:5: note: candidate: template<class _Tp, class _CharT, class _Traits> std::basic_ostream<_CharT, _Traits>& std::operator<<(std::basic_ostream<_CharT, _Traits>&, const std::complex<_Tp>&)
     operator<<(basic_ostream<_CharT, _Traits>& __os, const complex<_Tp>& __x)
     ^
/usr/include/c++/5/complex:526:5: note:   template argument deduction/substitution failed:
/home/scp/iiit-delhi/Ardupilot-using-ROS/ardupilot_ws/src/my_APMrover/src/PN_node.cpp:70:13: note:   ‘std::istream {aka std::basic_istream<char>}’ is not derived from ‘std::basic_ostream<_CharT, _Traits>’
   std::cin<<a;
             ^
In file included from /usr/include/boost/math/policies/error_handling.hpp:12:0,
                 from /usr/include/boost/math/special_functions/round.hpp:14,
                 from /opt/ros/kinetic/include/ros/time.h:58,
                 from /opt/ros/kinetic/include/ros/ros.h:38,
                 from /home/scp/iiit-delhi/Ardupilot-using-ROS/ardupilot_ws/src/my_APMrover/src/PN_node.cpp:20:
/usr/include/c++/5/iomanip:238:5: note: candidate: template<class _CharT, class _Traits> std::basic_ostream<_CharT, _Traits>& std::operator<<(std::basic_ostream<_CharT, _Traits>&, std::_Setw)
     operator<<(basic_ostream<_CharT, _Traits>& __os, _Setw __f)
     ^
/usr/include/c++/5/iomanip:238:5: note:   template argument deduction/substitution failed:
/home/scp/iiit-delhi/Ardupilot-using-ROS/ardupilot_ws/src/my_APMrover/src/PN_node.cpp:70:13: note:   ‘std::istream {aka std::basic_istream<char>}’ is not derived from ‘std::basic_ostream<_CharT, _Traits>’
   std::cin<<a;
             ^
In file included from /usr/include/boost/math/policies/error_handling.hpp:12:0,
                 from /usr/include/boost/math/special_functions/round.hpp:14,
                 from /opt/ros/kinetic/include/ros/time.h:58,
                 from /opt/ros/kinetic/include/ros/ros.h:38,
                 from /home/scp/iiit-delhi/Ardupilot-using-ROS/ardupilot_ws/src/my_APMrover/src/PN_node.cpp:20:
/usr/include/c++/5/iomanip:208:5: note: candidate: template<class _CharT, class _Traits> std::basic_ostream<_CharT, _Traits>& std::operator<<(std::basic_ostream<_CharT, _Traits>&, std::_Setprecision)
     operator<<(basic_ostream<_CharT, _Traits>& __os, _Setprecision __f)
     ^
/usr/include/c++/5/iomanip:208:5: note:   template argument deduction/substitution failed:
/home/scp/iiit-delhi/Ardupilot-using-ROS/ardupilot_ws/src/my_APMrover/src/PN_node.cpp:70:13: note:   ‘std::istream {aka std::basic_istream<char>}’ is not derived from ‘std::basic_ostream<_CharT, _Traits>’
   std::cin<<a;
             ^
In file included from /usr/include/boost/math/policies/error_handling.hpp:12:0,
                 from /usr/include/boost/math/special_functions/round.hpp:14,
                 from /opt/ros/kinetic/include/ros/time.h:58,
                 from /opt/ros/kinetic/include/ros/ros.h:38,
                 from /home/scp/iiit-delhi/Ardupilot-using-ROS/ardupilot_ws/src/my_APMrover/src/PN_node.cpp:20:
/usr/include/c++/5/iomanip:178:5: note: candidate: template<class _CharT, class _Traits> std::basic_ostream<_CharT, _Traits>& std::operator<<(std::basic_ostream<_CharT, _Traits>&, std::_Setfill<_CharT>)
     operator<<(basic_ostream<_CharT, _Traits>& __os, _Setfill<_CharT> __f)
     ^
/usr/include/c++/5/iomanip:178:5: note:   template argument deduction/substitution failed:
/home/scp/iiit-delhi/Ardupilot-using-ROS/ardupilot_ws/src/my_APMrover/src/PN_node.cpp:70:13: note:   ‘std::istream {aka std::basic_istream<char>}’ is not derived from ‘std::basic_ostream<_CharT, _Traits>’
   std::cin<<a;
             ^
In file included from /usr/include/boost/math/policies/error_handling.hpp:12:0,
                 from /usr/include/boost/math/special_functions/round.hpp:14,
                 from /opt/ros/kinetic/include/ros/time.h:58,
                 from /opt/ros/kinetic/include/ros/ros.h:38,
                 from /home/scp/iiit-delhi/Ardupilot-using-ROS/ardupilot_ws/src/my_APMrover/src/PN_node.cpp:20:
/usr/include/c++/5/iomanip:143:5: note: candidate: template<class _CharT, class _Traits> std::basic_ostream<_CharT, _Traits>& std::operator<<(std::basic_ostream<_CharT, _Traits>&, std::_Setbase)
     operator<<(basic_ostream<_CharT, _Traits>& __os, _Setbase __f)
     ^
/usr/include/c++/5/iomanip:143:5: note:   template argument deduction/substitution failed:
/home/scp/iiit-delhi/Ardupilot-using-ROS/ardupilot_ws/src/my_APMrover/src/PN_node.cpp:70:13: note:   ‘std::istream {aka std::basic_istream<char>}’ is not derived from ‘std::basic_ostream<_CharT, _Traits>’
   std::cin<<a;
             ^
In file included from /usr/include/boost/math/policies/error_handling.hpp:12:0,
                 from /usr/include/boost/math/special_functions/round.hpp:14,
                 from /opt/ros/kinetic/include/ros/time.h:58,
                 from /opt/ros/kinetic/include/ros/ros.h:38,
                 from /home/scp/iiit-delhi/Ardupilot-using-ROS/ardupilot_ws/src/my_APMrover/src/PN_node.cpp:20:
/usr/include/c++/5/iomanip:109:5: note: candidate: template<class _CharT, class _Traits> std::basic_ostream<_CharT, _Traits>& std::operator<<(std::basic_ostream<_CharT, _Traits>&, std::_Setiosflags)
     operator<<(basic_ostream<_CharT, _Traits>& __os, _Setiosflags __f)
     ^
/usr/include/c++/5/iomanip:109:5: note:   template argument deduction/substitution failed:
/home/scp/iiit-delhi/Ardupilot-using-ROS/ardupilot_ws/src/my_APMrover/src/PN_node.cpp:70:13: note:   ‘std::istream {aka std::basic_istream<char>}’ is not derived from ‘std::basic_ostream<_CharT, _Traits>’
   std::cin<<a;
             ^
In file included from /usr/include/boost/math/policies/error_handling.hpp:12:0,
                 from /usr/include/boost/math/special_functions/round.hpp:14,
                 from /opt/ros/kinetic/include/ros/time.h:58,
                 from /opt/ros/kinetic/include/ros/ros.h:38,
                 from /home/scp/iiit-delhi/Ardupilot-using-ROS/ardupilot_ws/src/my_APMrover/src/PN_node.cpp:20:
/usr/include/c++/5/iomanip:79:5: note: candidate: template<class _CharT, class _Traits> std::basic_ostream<_CharT, _Traits>& std::operator<<(std::basic_ostream<_CharT, _Traits>&, std::_Resetiosflags)
     operator<<(basic_ostream<_CharT, _Traits>& __os, _Resetiosflags __f)
     ^
/usr/include/c++/5/iomanip:79:5: note:   template argument deduction/substitution failed:
/home/scp/iiit-delhi/Ardupilot-using-ROS/ardupilot_ws/src/my_APMrover/src/PN_node.cpp:70:13: note:   ‘std::istream {aka std::basic_istream<char>}’ is not derived from ‘std::basic_ostream<_CharT, _Traits>’
   std::cin<<a;
             ^
In file included from /usr/include/c++/5/iostream:39:0,
                 from /home/scp/iiit-delhi/Ardupilot-using-ROS/ardupilot_ws/src/my_APMrover/src/PN_node.cpp:19:
/usr/include/c++/5/ostream:574:5: note: candidate: template<class _Traits> std::basic_ostream<char, _Traits>& std::operator<<(std::basic_ostream<char, _Traits>&, const unsigned char*)
     operator<<(basic_ostream<char, _Traits>& __out, const unsigned char* __s)
     ^
/usr/include/c++/5/ostream:574:5: note:   template argument deduction/substitution failed:
/home/scp/iiit-delhi/Ardupilot-using-ROS/ardupilot_ws/src/my_APMrover/src/PN_node.cpp:70:13: note:   ‘std::istream {aka std::basic_istream<char>}’ is not derived from ‘std::basic_ostream<char, _Traits>’
   std::cin<<a;
             ^
In file included from /usr/include/c++/5/iostream:39:0,
                 from /home/scp/iiit-delhi/Ardupilot-using-ROS/ardupilot_ws/src/my_APMrover/src/PN_node.cpp:19:
/usr/include/c++/5/ostream:569:5: note: candidate: template<class _Traits> std::basic_ostream<char, _Traits>& std::operator<<(std::basic_ostream<char, _Traits>&, const signed char*)
     operator<<(basic_ostream<char, _Traits>& __out, const signed char* __s)
     ^
/usr/include/c++/5/ostream:569:5: note:   template argument deduction/substitution failed:
/home/scp/iiit-delhi/Ardupilot-using-ROS/ardupilot_ws/src/my_APMrover/src/PN_node.cpp:70:13: note:   ‘std::istream {aka std::basic_istream<char>}’ is not derived from ‘std::basic_ostream<char, _Traits>’
   std::cin<<a;
             ^
In file included from /usr/include/c++/5/iostream:39:0,
                 from /home/scp/iiit-delhi/Ardupilot-using-ROS/ardupilot_ws/src/my_APMrover/src/PN_node.cpp:19:
/usr/include/c++/5/ostream:556:5: note: candidate: template<class _Traits> std::basic_ostream<char, _Traits>& std::operator<<(std::basic_ostream<char, _Traits>&, const char*)
     operator<<(basic_ostream<char, _Traits>& __out, const char* __s)
     ^
/usr/include/c++/5/ostream:556:5: note:   template argument deduction/substitution failed:
/home/scp/iiit-delhi/Ardupilot-using-ROS/ardupilot_ws/src/my_APMrover/src/PN_node.cpp:70:13: note:   ‘std::istream {aka std::basic_istream<char>}’ is not derived from ‘std::basic_ostream<char, _Traits>’
   std::cin<<a;
             ^
In file included from /usr/include/c++/5/ostream:638:0,
                 from /usr/include/c++/5/iostream:39,
                 from /home/scp/iiit-delhi/Ardupilot-using-ROS/ardupilot_ws/src/my_APMrover/src/PN_node.cpp:19:
/usr/include/c++/5/bits/ostream.tcc:321:5: note: candidate: template<class _CharT, class _Traits> std::basic_ostream<_CharT, _Traits>& std::operator<<(std::basic_ostream<_CharT, _Traits>&, const char*)
     operator<<(basic_ostream<_CharT, _Traits>& __out, const char* __s)
     ^
/usr/include/c++/5/bits/ostream.tcc:321:5: note:   template argument deduction/substitution failed:
/home/scp/iiit-delhi/Ardupilot-using-ROS/ardupilot_ws/src/my_APMrover/src/PN_node.cpp:70:13: note:   ‘std::istream {aka std::basic_istream<char>}’ is not derived from ‘std::basic_ostream<_CharT, _Traits>’
   std::cin<<a;
             ^
In file included from /usr/include/c++/5/iostream:39:0,
                 from /home/scp/iiit-delhi/Ardupilot-using-ROS/ardupilot_ws/src/my_APMrover/src/PN_node.cpp:19:
/usr/include/c++/5/ostream:539:5: note: candidate: template<class _CharT, class _Traits> std::basic_ostream<_CharT, _Traits>& std::operator<<(std::basic_ostream<_CharT, _Traits>&, const _CharT*)
     operator<<(basic_ostream<_CharT, _Traits>& __out, const _CharT* __s)
     ^
/usr/include/c++/5/ostream:539:5: note:   template argument deduction/substitution failed:
/home/scp/iiit-delhi/Ardupilot-using-ROS/ardupilot_ws/src/my_APMrover/src/PN_node.cpp:70:13: note:   ‘std::istream {aka std::basic_istream<char>}’ is not derived from ‘std::basic_ostream<_CharT, _Traits>’
   std::cin<<a;
             ^
In file included from /usr/include/c++/5/iostream:39:0,
                 from /home/scp/iiit-delhi/Ardupilot-using-ROS/ardupilot_ws/src/my_APMrover/src/PN_node.cpp:19:
/usr/include/c++/5/ostream:519:5: note: candidate: template<class _Traits> std::basic_ostream<char, _Traits>& std::operator<<(std::basic_ostream<char, _Traits>&, unsigned char)
     operator<<(basic_ostream<char, _Traits>& __out, unsigned char __c)
     ^
/usr/include/c++/5/ostream:519:5: note:   template argument deduction/substitution failed:
/home/scp/iiit-delhi/Ardupilot-using-ROS/ardupilot_ws/src/my_APMrover/src/PN_node.cpp:70:13: note:   ‘std::istream {aka std::basic_istream<char>}’ is not derived from ‘std::basic_ostream<char, _Traits>’
   std::cin<<a;
             ^
In file included from /usr/include/c++/5/iostream:39:0,
                 from /home/scp/iiit-delhi/Ardupilot-using-ROS/ardupilot_ws/src/my_APMrover/src/PN_node.cpp:19:
/usr/include/c++/5/ostream:514:5: note: candidate: template<class _Traits> std::basic_ostream<char, _Traits>& std::operator<<(std::basic_ostream<char, _Traits>&, signed char)
     operator<<(basic_ostream<char, _Traits>& __out, signed char __c)
     ^
/usr/include/c++/5/ostream:514:5: note:   template argument deduction/substitution failed:
/home/scp/iiit-delhi/Ardupilot-using-ROS/ardupilot_ws/src/my_APMrover/src/PN_node.cpp:70:13: note:   ‘std::istream {aka std::basic_istream<char>}’ is not derived from ‘std::basic_ostream<char, _Traits>’
   std::cin<<a;
             ^
In file included from /usr/include/c++/5/iostream:39:0,
                 from /home/scp/iiit-delhi/Ardupilot-using-ROS/ardupilot_ws/src/my_APMrover/src/PN_node.cpp:19:
/usr/include/c++/5/ostream:508:5: note: candidate: template<class _Traits> std::basic_ostream<char, _Traits>& std::operator<<(std::basic_ostream<char, _Traits>&, char)
     operator<<(basic_ostream<char, _Traits>& __out, char __c)
     ^
/usr/include/c++/5/ostream:508:5: note:   template argument deduction/substitution failed:
/home/scp/iiit-delhi/Ardupilot-using-ROS/ardupilot_ws/src/my_APMrover/src/PN_node.cpp:70:13: note:   ‘std::istream {aka std::basic_istream<char>}’ is not derived from ‘std::basic_ostream<char, _Traits>’
   std::cin<<a;
             ^
In file included from /usr/include/c++/5/iostream:39:0,
                 from /home/scp/iiit-delhi/Ardupilot-using-ROS/ardupilot_ws/src/my_APMrover/src/PN_node.cpp:19:
/usr/include/c++/5/ostream:502:5: note: candidate: template<class _CharT, class _Traits> std::basic_ostream<_CharT, _Traits>& std::operator<<(std::basic_ostream<_CharT, _Traits>&, char)
     operator<<(basic_ostream<_CharT, _Traits>& __out, char __c)
     ^
/usr/include/c++/5/ostream:502:5: note:   template argument deduction/substitution failed:
/home/scp/iiit-delhi/Ardupilot-using-ROS/ardupilot_ws/src/my_APMrover/src/PN_node.cpp:70:13: note:   ‘std::istream {aka std::basic_istream<char>}’ is not derived from ‘std::basic_ostream<_CharT, _Traits>’
   std::cin<<a;
             ^
In file included from /usr/include/c++/5/iostream:39:0,
                 from /home/scp/iiit-delhi/Ardupilot-using-ROS/ardupilot_ws/src/my_APMrover/src/PN_node.cpp:19:
/usr/include/c++/5/ostream:497:5: note: candidate: template<class _CharT, class _Traits> std::basic_ostream<_CharT, _Traits>& std::operator<<(std::basic_ostream<_CharT, _Traits>&, _CharT)
     operator<<(basic_ostream<_CharT, _Traits>& __out, _CharT __c)
     ^
/usr/include/c++/5/ostream:497:5: note:   template argument deduction/substitution failed:
/home/scp/iiit-delhi/Ardupilot-using-ROS/ardupilot_ws/src/my_APMrover/src/PN_node.cpp:70:13: note:   ‘std::istream {aka std::basic_istream<char>}’ is not derived from ‘std::basic_ostream<_CharT, _Traits>’
   std::cin<<a;
             ^
In file included from /usr/include/c++/5/string:52:0,
                 from /usr/include/c++/5/bits/locale_classes.h:40,
                 from /usr/include/c++/5/bits/ios_base.h:41,
                 from /usr/include/c++/5/ios:42,
                 from /usr/include/c++/5/ostream:38,
                 from /usr/include/c++/5/iostream:39,
                 from /home/scp/iiit-delhi/Ardupilot-using-ROS/ardupilot_ws/src/my_APMrover/src/PN_node.cpp:19:
/usr/include/c++/5/bits/basic_string.h:5172:5: note: candidate: template<class _CharT, class _Traits, class _Alloc> std::basic_ostream<_CharT, _Traits>& std::operator<<(std::basic_ostream<_CharT, _Traits>&, const std::__cxx11::basic_string<_CharT, _Traits, _Alloc>&)
     operator<<(basic_ostream<_CharT, _Traits>& __os,
     ^
/usr/include/c++/5/bits/basic_string.h:5172:5: note:   template argument deduction/substitution failed:
/home/scp/iiit-delhi/Ardupilot-using-ROS/ardupilot_ws/src/my_APMrover/src/PN_node.cpp:70:13: note:   ‘std::istream {aka std::basic_istream<char>}’ is not derived from ‘std::basic_ostream<_CharT, _Traits>’
   std::cin<<a;
             ^
/home/scp/iiit-delhi/Ardupilot-using-ROS/ardupilot_ws/src/my_APMrover/src/PN_node.cpp:71:12: error: expected ‘;’ before string constant
   std::cout"y-coordinate: ";
            ^
/home/scp/iiit-delhi/Ardupilot-using-ROS/ardupilot_ws/src/my_APMrover/src/PN_node.cpp:72:11: error: no match for ‘operator<<’ (operand types are ‘std::istream {aka std::basic_istream<char>}’ and ‘double’)
   std::cin<<b;
           ^
In file included from /opt/ros/kinetic/include/ros/node_handle.h:52:0,
                 from /opt/ros/kinetic/include/ros/ros.h:45,
                 from /home/scp/iiit-delhi/Ardupilot-using-ROS/ardupilot_ws/src/my_APMrover/src/PN_node.cpp:20:
/opt/ros/kinetic/include/xmlrpcpp/XmlRpcValue.h:192:15: note: candidate: std::ostream& operator<<(std::ostream&, XmlRpc::XmlRpcValue&)
 std::ostream& operator<<(std::ostream& os, XmlRpc::XmlRpcValue& v);
               ^
/opt/ros/kinetic/include/xmlrpcpp/XmlRpcValue.h:192:15: note:   no known conversion for argument 1 from ‘std::istream {aka std::basic_istream<char>}’ to ‘std::ostream& {aka std::basic_ostream<char>&}’
In file included from /usr/include/boost/config/no_tr1/complex.hpp:21:0,
                 from /usr/include/boost/math/policies/error_handling.hpp:15,
                 from /usr/include/boost/math/special_functions/round.hpp:14,
                 from /opt/ros/kinetic/include/ros/time.h:58,
                 from /opt/ros/kinetic/include/ros/ros.h:38,
                 from /home/scp/iiit-delhi/Ardupilot-using-ROS/ardupilot_ws/src/my_APMrover/src/PN_node.cpp:20:
/usr/include/c++/5/complex:526:5: note: candidate: template<class _Tp, class _CharT, class _Traits> std::basic_ostream<_CharT, _Traits>& std::operator<<(std::basic_ostream<_CharT, _Traits>&, const std::complex<_Tp>&)
     operator<<(basic_ostream<_CharT, _Traits>& __os, const complex<_Tp>& __x)
     ^
/usr/include/c++/5/complex:526:5: note:   template argument deduction/substitution failed:
/home/scp/iiit-delhi/Ardupilot-using-ROS/ardupilot_ws/src/my_APMrover/src/PN_node.cpp:72:13: note:   ‘std::istream {aka std::basic_istream<char>}’ is not derived from ‘std::basic_ostream<_CharT, _Traits>’
   std::cin<<b;
             ^
In file included from /usr/include/boost/math/policies/error_handling.hpp:12:0,
                 from /usr/include/boost/math/special_functions/round.hpp:14,
                 from /opt/ros/kinetic/include/ros/time.h:58,
                 from /opt/ros/kinetic/include/ros/ros.h:38,
                 from /home/scp/iiit-delhi/Ardupilot-using-ROS/ardupilot_ws/src/my_APMrover/src/PN_node.cpp:20:
/usr/include/c++/5/iomanip:238:5: note: candidate: template<class _CharT, class _Traits> std::basic_ostream<_CharT, _Traits>& std::operator<<(std::basic_ostream<_CharT, _Traits>&, std::_Setw)
     operator<<(basic_ostream<_CharT, _Traits>& __os, _Setw __f)
     ^
/usr/include/c++/5/iomanip:238:5: note:   template argument deduction/substitution failed:
/home/scp/iiit-delhi/Ardupilot-using-ROS/ardupilot_ws/src/my_APMrover/src/PN_node.cpp:72:13: note:   ‘std::istream {aka std::basic_istream<char>}’ is not derived from ‘std::basic_ostream<_CharT, _Traits>’
   std::cin<<b;
             ^
In file included from /usr/include/boost/math/policies/error_handling.hpp:12:0,
                 from /usr/include/boost/math/special_functions/round.hpp:14,
                 from /opt/ros/kinetic/include/ros/time.h:58,
                 from /opt/ros/kinetic/include/ros/ros.h:38,
                 from /home/scp/iiit-delhi/Ardupilot-using-ROS/ardupilot_ws/src/my_APMrover/src/PN_node.cpp:20:
/usr/include/c++/5/iomanip:208:5: note: candidate: template<class _CharT, class _Traits> std::basic_ostream<_CharT, _Traits>& std::operator<<(std::basic_ostream<_CharT, _Traits>&, std::_Setprecision)
     operator<<(basic_ostream<_CharT, _Traits>& __os, _Setprecision __f)
     ^
/usr/include/c++/5/iomanip:208:5: note:   template argument deduction/substitution failed:
/home/scp/iiit-delhi/Ardupilot-using-ROS/ardupilot_ws/src/my_APMrover/src/PN_node.cpp:72:13: note:   ‘std::istream {aka std::basic_istream<char>}’ is not derived from ‘std::basic_ostream<_CharT, _Traits>’
   std::cin<<b;
             ^
In file included from /usr/include/boost/math/policies/error_handling.hpp:12:0,
                 from /usr/include/boost/math/special_functions/round.hpp:14,
                 from /opt/ros/kinetic/include/ros/time.h:58,
                 from /opt/ros/kinetic/include/ros/ros.h:38,
                 from /home/scp/iiit-delhi/Ardupilot-using-ROS/ardupilot_ws/src/my_APMrover/src/PN_node.cpp:20:
/usr/include/c++/5/iomanip:178:5: note: candidate: template<class _CharT, class _Traits> std::basic_ostream<_CharT, _Traits>& std::operator<<(std::basic_ostream<_CharT, _Traits>&, std::_Setfill<_CharT>)
     operator<<(basic_ostream<_CharT, _Traits>& __os, _Setfill<_CharT> __f)
     ^
/usr/include/c++/5/iomanip:178:5: note:   template argument deduction/substitution failed:
/home/scp/iiit-delhi/Ardupilot-using-ROS/ardupilot_ws/src/my_APMrover/src/PN_node.cpp:72:13: note:   ‘std::istream {aka std::basic_istream<char>}’ is not derived from ‘std::basic_ostream<_CharT, _Traits>’
   std::cin<<b;
             ^
In file included from /usr/include/boost/math/policies/error_handling.hpp:12:0,
                 from /usr/include/boost/math/special_functions/round.hpp:14,
                 from /opt/ros/kinetic/include/ros/time.h:58,
                 from /opt/ros/kinetic/include/ros/ros.h:38,
                 from /home/scp/iiit-delhi/Ardupilot-using-ROS/ardupilot_ws/src/my_APMrover/src/PN_node.cpp:20:
/usr/include/c++/5/iomanip:143:5: note: candidate: template<class _CharT, class _Traits> std::basic_ostream<_CharT, _Traits>& std::operator<<(std::basic_ostream<_CharT, _Traits>&, std::_Setbase)
     operator<<(basic_ostream<_CharT, _Traits>& __os, _Setbase __f)
     ^
/usr/include/c++/5/iomanip:143:5: note:   template argument deduction/substitution failed:
/home/scp/iiit-delhi/Ardupilot-using-ROS/ardupilot_ws/src/my_APMrover/src/PN_node.cpp:72:13: note:   ‘std::istream {aka std::basic_istream<char>}’ is not derived from ‘std::basic_ostream<_CharT, _Traits>’
   std::cin<<b;
             ^
In file included from /usr/include/boost/math/policies/error_handling.hpp:12:0,
                 from /usr/include/boost/math/special_functions/round.hpp:14,
                 from /opt/ros/kinetic/include/ros/time.h:58,
                 from /opt/ros/kinetic/include/ros/ros.h:38,
                 from /home/scp/iiit-delhi/Ardupilot-using-ROS/ardupilot_ws/src/my_APMrover/src/PN_node.cpp:20:
/usr/include/c++/5/iomanip:109:5: note: candidate: template<class _CharT, class _Traits> std::basic_ostream<_CharT, _Traits>& std::operator<<(std::basic_ostream<_CharT, _Traits>&, std::_Setiosflags)
     operator<<(basic_ostream<_CharT, _Traits>& __os, _Setiosflags __f)
     ^
/usr/include/c++/5/iomanip:109:5: note:   template argument deduction/substitution failed:
/home/scp/iiit-delhi/Ardupilot-using-ROS/ardupilot_ws/src/my_APMrover/src/PN_node.cpp:72:13: note:   ‘std::istream {aka std::basic_istream<char>}’ is not derived from ‘std::basic_ostream<_CharT, _Traits>’
   std::cin<<b;
             ^
In file included from /usr/include/boost/math/policies/error_handling.hpp:12:0,
                 from /usr/include/boost/math/special_functions/round.hpp:14,
                 from /opt/ros/kinetic/include/ros/time.h:58,
                 from /opt/ros/kinetic/include/ros/ros.h:38,
                 from /home/scp/iiit-delhi/Ardupilot-using-ROS/ardupilot_ws/src/my_APMrover/src/PN_node.cpp:20:
/usr/include/c++/5/iomanip:79:5: note: candidate: template<class _CharT, class _Traits> std::basic_ostream<_CharT, _Traits>& std::operator<<(std::basic_ostream<_CharT, _Traits>&, std::_Resetiosflags)
     operator<<(basic_ostream<_CharT, _Traits>& __os, _Resetiosflags __f)
     ^
/usr/include/c++/5/iomanip:79:5: note:   template argument deduction/substitution failed:
/home/scp/iiit-delhi/Ardupilot-using-ROS/ardupilot_ws/src/my_APMrover/src/PN_node.cpp:72:13: note:   ‘std::istream {aka std::basic_istream<char>}’ is not derived from ‘std::basic_ostream<_CharT, _Traits>’
   std::cin<<b;
             ^
In file included from /usr/include/c++/5/iostream:39:0,
                 from /home/scp/iiit-delhi/Ardupilot-using-ROS/ardupilot_ws/src/my_APMrover/src/PN_node.cpp:19:
/usr/include/c++/5/ostream:574:5: note: candidate: template<class _Traits> std::basic_ostream<char, _Traits>& std::operator<<(std::basic_ostream<char, _Traits>&, const unsigned char*)
     operator<<(basic_ostream<char, _Traits>& __out, const unsigned char* __s)
     ^
/usr/include/c++/5/ostream:574:5: note:   template argument deduction/substitution failed:
/home/scp/iiit-delhi/Ardupilot-using-ROS/ardupilot_ws/src/my_APMrover/src/PN_node.cpp:72:13: note:   ‘std::istream {aka std::basic_istream<char>}’ is not derived from ‘std::basic_ostream<char, _Traits>’
   std::cin<<b;
             ^
In file included from /usr/include/c++/5/iostream:39:0,
                 from /home/scp/iiit-delhi/Ardupilot-using-ROS/ardupilot_ws/src/my_APMrover/src/PN_node.cpp:19:
/usr/include/c++/5/ostream:569:5: note: candidate: template<class _Traits> std::basic_ostream<char, _Traits>& std::operator<<(std::basic_ostream<char, _Traits>&, const signed char*)
     operator<<(basic_ostream<char, _Traits>& __out, const signed char* __s)
     ^
/usr/include/c++/5/ostream:569:5: note:   template argument deduction/substitution failed:
/home/scp/iiit-delhi/Ardupilot-using-ROS/ardupilot_ws/src/my_APMrover/src/PN_node.cpp:72:13: note:   ‘std::istream {aka std::basic_istream<char>}’ is not derived from ‘std::basic_ostream<char, _Traits>’
   std::cin<<b;
             ^
In file included from /usr/include/c++/5/iostream:39:0,
                 from /home/scp/iiit-delhi/Ardupilot-using-ROS/ardupilot_ws/src/my_APMrover/src/PN_node.cpp:19:
/usr/include/c++/5/ostream:556:5: note: candidate: template<class _Traits> std::basic_ostream<char, _Traits>& std::operator<<(std::basic_ostream<char, _Traits>&, const char*)
     operator<<(basic_ostream<char, _Traits>& __out, const char* __s)
     ^
/usr/include/c++/5/ostream:556:5: note:   template argument deduction/substitution failed:
/home/scp/iiit-delhi/Ardupilot-using-ROS/ardupilot_ws/src/my_APMrover/src/PN_node.cpp:72:13: note:   ‘std::istream {aka std::basic_istream<char>}’ is not derived from ‘std::basic_ostream<char, _Traits>’
   std::cin<<b;
             ^
In file included from /usr/include/c++/5/ostream:638:0,
                 from /usr/include/c++/5/iostream:39,
                 from /home/scp/iiit-delhi/Ardupilot-using-ROS/ardupilot_ws/src/my_APMrover/src/PN_node.cpp:19:
/usr/include/c++/5/bits/ostream.tcc:321:5: note: candidate: template<class _CharT, class _Traits> std::basic_ostream<_CharT, _Traits>& std::operator<<(std::basic_ostream<_CharT, _Traits>&, const char*)
     operator<<(basic_ostream<_CharT, _Traits>& __out, const char* __s)
     ^
/usr/include/c++/5/bits/ostream.tcc:321:5: note:   template argument deduction/substitution failed:
/home/scp/iiit-delhi/Ardupilot-using-ROS/ardupilot_ws/src/my_APMrover/src/PN_node.cpp:72:13: note:   ‘std::istream {aka std::basic_istream<char>}’ is not derived from ‘std::basic_ostream<_CharT, _Traits>’
   std::cin<<b;
             ^
In file included from /usr/include/c++/5/iostream:39:0,
                 from /home/scp/iiit-delhi/Ardupilot-using-ROS/ardupilot_ws/src/my_APMrover/src/PN_node.cpp:19:
/usr/include/c++/5/ostream:539:5: note: candidate: template<class _CharT, class _Traits> std::basic_ostream<_CharT, _Traits>& std::operator<<(std::basic_ostream<_CharT, _Traits>&, const _CharT*)
     operator<<(basic_ostream<_CharT, _Traits>& __out, const _CharT* __s)
     ^
/usr/include/c++/5/ostream:539:5: note:   template argument deduction/substitution failed:
/home/scp/iiit-delhi/Ardupilot-using-ROS/ardupilot_ws/src/my_APMrover/src/PN_node.cpp:72:13: note:   ‘std::istream {aka std::basic_istream<char>}’ is not derived from ‘std::basic_ostream<_CharT, _Traits>’
   std::cin<<b;
             ^
In file included from /usr/include/c++/5/iostream:39:0,
                 from /home/scp/iiit-delhi/Ardupilot-using-ROS/ardupilot_ws/src/my_APMrover/src/PN_node.cpp:19:
/usr/include/c++/5/ostream:519:5: note: candidate: template<class _Traits> std::basic_ostream<char, _Traits>& std::operator<<(std::basic_ostream<char, _Traits>&, unsigned char)
     operator<<(basic_ostream<char, _Traits>& __out, unsigned char __c)
     ^
/usr/include/c++/5/ostream:519:5: note:   template argument deduction/substitution failed:
/home/scp/iiit-delhi/Ardupilot-using-ROS/ardupilot_ws/src/my_APMrover/src/PN_node.cpp:72:13: note:   ‘std::istream {aka std::basic_istream<char>}’ is not derived from ‘std::basic_ostream<char, _Traits>’
   std::cin<<b;
             ^
In file included from /usr/include/c++/5/iostream:39:0,
                 from /home/scp/iiit-delhi/Ardupilot-using-ROS/ardupilot_ws/src/my_APMrover/src/PN_node.cpp:19:
/usr/include/c++/5/ostream:514:5: note: candidate: template<class _Traits> std::basic_ostream<char, _Traits>& std::operator<<(std::basic_ostream<char, _Traits>&, signed char)
     operator<<(basic_ostream<char, _Traits>& __out, signed char __c)
     ^
/usr/include/c++/5/ostream:514:5: note:   template argument deduction/substitution failed:
/home/scp/iiit-delhi/Ardupilot-using-ROS/ardupilot_ws/src/my_APMrover/src/PN_node.cpp:72:13: note:   ‘std::istream {aka std::basic_istream<char>}’ is not derived from ‘std::basic_ostream<char, _Traits>’
   std::cin<<b;
             ^
In file included from /usr/include/c++/5/iostream:39:0,
                 from /home/scp/iiit-delhi/Ardupilot-using-ROS/ardupilot_ws/src/my_APMrover/src/PN_node.cpp:19:
/usr/include/c++/5/ostream:508:5: note: candidate: template<class _Traits> std::basic_ostream<char, _Traits>& std::operator<<(std::basic_ostream<char, _Traits>&, char)
     operator<<(basic_ostream<char, _Traits>& __out, char __c)
     ^
/usr/include/c++/5/ostream:508:5: note:   template argument deduction/substitution failed:
/home/scp/iiit-delhi/Ardupilot-using-ROS/ardupilot_ws/src/my_APMrover/src/PN_node.cpp:72:13: note:   ‘std::istream {aka std::basic_istream<char>}’ is not derived from ‘std::basic_ostream<char, _Traits>’
   std::cin<<b;
             ^
In file included from /usr/include/c++/5/iostream:39:0,
                 from /home/scp/iiit-delhi/Ardupilot-using-ROS/ardupilot_ws/src/my_APMrover/src/PN_node.cpp:19:
/usr/include/c++/5/ostream:502:5: note: candidate: template<class _CharT, class _Traits> std::basic_ostream<_CharT, _Traits>& std::operator<<(std::basic_ostream<_CharT, _Traits>&, char)
     operator<<(basic_ostream<_CharT, _Traits>& __out, char __c)
     ^
/usr/include/c++/5/ostream:502:5: note:   template argument deduction/substitution failed:
/home/scp/iiit-delhi/Ardupilot-using-ROS/ardupilot_ws/src/my_APMrover/src/PN_node.cpp:72:13: note:   ‘std::istream {aka std::basic_istream<char>}’ is not derived from ‘std::basic_ostream<_CharT, _Traits>’
   std::cin<<b;
             ^
In file included from /usr/include/c++/5/iostream:39:0,
                 from /home/scp/iiit-delhi/Ardupilot-using-ROS/ardupilot_ws/src/my_APMrover/src/PN_node.cpp:19:
/usr/include/c++/5/ostream:497:5: note: candidate: template<class _CharT, class _Traits> std::basic_ostream<_CharT, _Traits>& std::operator<<(std::basic_ostream<_CharT, _Traits>&, _CharT)
     operator<<(basic_ostream<_CharT, _Traits>& __out, _CharT __c)
     ^
/usr/include/c++/5/ostream:497:5: note:   template argument deduction/substitution failed:
/home/scp/iiit-delhi/Ardupilot-using-ROS/ardupilot_ws/src/my_APMrover/src/PN_node.cpp:72:13: note:   ‘std::istream {aka std::basic_istream<char>}’ is not derived from ‘std::basic_ostream<_CharT, _Traits>’
   std::cin<<b;
             ^
In file included from /usr/include/c++/5/string:52:0,
                 from /usr/include/c++/5/bits/locale_classes.h:40,
                 from /usr/include/c++/5/bits/ios_base.h:41,
                 from /usr/include/c++/5/ios:42,
                 from /usr/include/c++/5/ostream:38,
                 from /usr/include/c++/5/iostream:39,
                 from /home/scp/iiit-delhi/Ardupilot-using-ROS/ardupilot_ws/src/my_APMrover/src/PN_node.cpp:19:
/usr/include/c++/5/bits/basic_string.h:5172:5: note: candidate: template<class _CharT, class _Traits, class _Alloc> std::basic_ostream<_CharT, _Traits>& std::operator<<(std::basic_ostream<_CharT, _Traits>&, const std::__cxx11::basic_string<_CharT, _Traits, _Alloc>&)
     operator<<(basic_ostream<_CharT, _Traits>& __os,
     ^
/usr/include/c++/5/bits/basic_string.h:5172:5: note:   template argument deduction/substitution failed:
/home/scp/iiit-delhi/Ardupilot-using-ROS/ardupilot_ws/src/my_APMrover/src/PN_node.cpp:72:13: note:   ‘std::istream {aka std::basic_istream<char>}’ is not derived from ‘std::basic_ostream<_CharT, _Traits>’
   std::cin<<b;
             ^
CMakeFiles/PN_node.dir/build.make:62: recipe for target 'CMakeFiles/PN_node.dir/src/PN_node.cpp.o' failed
make[2]: *** [CMakeFiles/PN_node.dir/src/PN_node.cpp.o] Error 1
CMakeFiles/Makefile2:1347: recipe for target 'CMakeFiles/PN_node.dir/all' failed
make[1]: *** [CMakeFiles/PN_node.dir/all] Error 2
Makefile:138: recipe for target 'all' failed
make: *** [all] Error 2
