[35m[1mScanning dependencies of target PN_node_turtlesim[0m
[ 25%] [32mBuilding CXX object CMakeFiles/PN_node_turtlesim.dir/src/PN_node_turtlesim.cpp.o[0m
[ 75%] Built target PN_node
[100%] [32m[1mLinking CXX executable /home/scp/iiit-delhi/Ardupilot-using-ROS/ardupilot_ws/devel/.private/my_APMrover/lib/my_APMrover/PN_node_turtlesim[0m
CMakeFiles/PN_node_turtlesim.dir/src/PN_node_turtlesim.cpp.o: In function `pn()':
PN_node_turtlesim.cpp:(.text+0x15): undefined reference to `ros::console::g_initialized'
PN_node_turtlesim.cpp:(.text+0x24): undefined reference to `ros::console::initialize()'
PN_node_turtlesim.cpp:(.text+0x6f): undefined reference to `ros::console::initializeLogLocation(ros::console::LogLocation*, std::__cxx11::basic_string<char, std::char_traits<char>, std::allocator<char> > const&, ros::console::levels::Level)'
PN_node_turtlesim.cpp:(.text+0xb1): undefined reference to `ros::console::setLogLocationLevel(ros::console::LogLocation*, ros::console::levels::Level)'
PN_node_turtlesim.cpp:(.text+0xc1): undefined reference to `ros::console::checkLogLocationEnabled(ros::console::LogLocation*)'
PN_node_turtlesim.cpp:(.text+0x127): undefined reference to `ros::console::print(ros::console::FilterBase*, void*, ros::console::levels::Level, char const*, int, char const*, char const*, ...)'
PN_node_turtlesim.cpp:(.text+0x161): undefined reference to `ros::console::g_initialized'
PN_node_turtlesim.cpp:(.text+0x170): undefined reference to `ros::console::initialize()'
PN_node_turtlesim.cpp:(.text+0x1bb): undefined reference to `ros::console::initializeLogLocation(ros::console::LogLocation*, std::__cxx11::basic_string<char, std::char_traits<char>, std::allocator<char> > const&, ros::console::levels::Level)'
PN_node_turtlesim.cpp:(.text+0x1fd): undefined reference to `ros::console::setLogLocationLevel(ros::console::LogLocation*, ros::console::levels::Level)'
PN_node_turtlesim.cpp:(.text+0x20d): undefined reference to `ros::console::checkLogLocationEnabled(ros::console::LogLocation*)'
PN_node_turtlesim.cpp:(.text+0x2a2): undefined reference to `ros::console::print(ros::console::FilterBase*, void*, ros::console::levels::Level, char const*, int, char const*, char const*, ...)'
CMakeFiles/PN_node_turtlesim.dir/src/PN_node_turtlesim.cpp.o: In function `main':
PN_node_turtlesim.cpp:(.text+0x3c5): undefined reference to `ros::init(int&, char**, std::__cxx11::basic_string<char, std::char_traits<char>, std::allocator<char> > const&, unsigned int)'
PN_node_turtlesim.cpp:(.text+0x42d): undefined reference to `ros::NodeHandle::NodeHandle(std::__cxx11::basic_string<char, std::char_traits<char>, std::allocator<char> > const&, std::map<std::__cxx11::basic_string<char, std::char_traits<char>, std::allocator<char> >, std::__cxx11::basic_string<char, std::char_traits<char>, std::allocator<char> >, std::less<std::__cxx11::basic_string<char, std::char_traits<char>, std::allocator<char> > >, std::allocator<std::pair<std::__cxx11::basic_string<char, std::char_traits<char>, std::allocator<char> > const, std::__cxx11::basic_string<char, std::char_traits<char>, std::allocator<char> > > > > const&)'
PN_node_turtlesim.cpp:(.text+0x52d): undefined reference to `ros::Rate::Rate(double)'
PN_node_turtlesim.cpp:(.text+0x535): undefined reference to `ros::ok()'
PN_node_turtlesim.cpp:(.text+0x53e): undefined reference to `ros::spinOnce()'
PN_node_turtlesim.cpp:(.text+0x54d): undefined reference to `ros::Rate::sleep()'
PN_node_turtlesim.cpp:(.text+0x57d): undefined reference to `ros::Subscriber::~Subscriber()'
PN_node_turtlesim.cpp:(.text+0x58f): undefined reference to `ros::NodeHandle::~NodeHandle()'
PN_node_turtlesim.cpp:(.text+0x605): undefined reference to `ros::NodeHandle::~NodeHandle()'
PN_node_turtlesim.cpp:(.text+0x63a): undefined reference to `ros::NodeHandle::~NodeHandle()'
PN_node_turtlesim.cpp:(.text+0x66f): undefined reference to `ros::Subscriber::~Subscriber()'
PN_node_turtlesim.cpp:(.text+0x6ad): undefined reference to `ros::Subscriber::~Subscriber()'
PN_node_turtlesim.cpp:(.text+0x6d9): undefined reference to `ros::Subscriber::~Subscriber()'
PN_node_turtlesim.cpp:(.text+0x6ef): undefined reference to `ros::NodeHandle::~NodeHandle()'
CMakeFiles/PN_node_turtlesim.dir/src/PN_node_turtlesim.cpp.o: In function `ros::Subscriber ros::NodeHandle::subscribe<turtlesim::Pose_<std::allocator<void> > >(std::__cxx11::basic_string<char, std::char_traits<char>, std::allocator<char> > const&, unsigned int, void (*)(boost::shared_ptr<turtlesim::Pose_<std::allocator<void> > const> const&), ros::TransportHints const&)':
PN_node_turtlesim.cpp:(.text._ZN3ros10NodeHandle9subscribeIN9turtlesim5Pose_ISaIvEEEEENS_10SubscriberERKNSt7__cxx1112basic_stringIcSt11char_traitsIcESaIcEEEjPFvRKN5boost10shared_ptrIKT_EEERKNS_14TransportHintsE[_ZN3ros10NodeHandle9subscribeIN9turtlesim5Pose_ISaIvEEEEENS_10SubscriberERKNSt7__cxx1112basic_stringIcSt11char_traitsIcESaIcEEEjPFvRKN5boost10shared_ptrIKT_EEERKNS_14TransportHintsE]+0x103): undefined reference to `ros::NodeHandle::subscribe(ros::SubscribeOptions&)'
CMakeFiles/PN_node_turtlesim.dir/src/PN_node_turtlesim.cpp.o: In function `ros::SubscriptionCallbackHelperT<boost::shared_ptr<turtlesim::Pose_<std::allocator<void> > const> const&, void>::deserialize(ros::SubscriptionCallbackHelperDeserializeParams const&)':
PN_node_turtlesim.cpp:(.text._ZN3ros27SubscriptionCallbackHelperTIRKN5boost10shared_ptrIKN9turtlesim5Pose_ISaIvEEEEEvE11deserializeERKNS_43SubscriptionCallbackHelperDeserializeParamsE[_ZN3ros27SubscriptionCallbackHelperTIRKN5boost10shared_ptrIKN9turtlesim5Pose_ISaIvEEEEEvE11deserializeERKNS_43SubscriptionCallbackHelperDeserializeParamsE]+0x54): undefined reference to `ros::console::g_initialized'
PN_node_turtlesim.cpp:(.text._ZN3ros27SubscriptionCallbackHelperTIRKN5boost10shared_ptrIKN9turtlesim5Pose_ISaIvEEEEEvE11deserializeERKNS_43SubscriptionCallbackHelperDeserializeParamsE[_ZN3ros27SubscriptionCallbackHelperTIRKN5boost10shared_ptrIKN9turtlesim5Pose_ISaIvEEEEEvE11deserializeERKNS_43SubscriptionCallbackHelperDeserializeParamsE]+0x63): undefined reference to `ros::console::initialize()'
PN_node_turtlesim.cpp:(.text._ZN3ros27SubscriptionCallbackHelperTIRKN5boost10shared_ptrIKN9turtlesim5Pose_ISaIvEEEEEvE11deserializeERKNS_43SubscriptionCallbackHelperDeserializeParamsE[_ZN3ros27SubscriptionCallbackHelperTIRKN5boost10shared_ptrIKN9turtlesim5Pose_ISaIvEEEEEvE11deserializeERKNS_43SubscriptionCallbackHelperDeserializeParamsE]+0xae): undefined reference to `ros::console::initializeLogLocation(ros::console::LogLocation*, std::__cxx11::basic_string<char, std::char_traits<char>, std::allocator<char> > const&, ros::console::levels::Level)'
PN_node_turtlesim.cpp:(.text._ZN3ros27SubscriptionCallbackHelperTIRKN5boost10shared_ptrIKN9turtlesim5Pose_ISaIvEEEEEvE11deserializeERKNS_43SubscriptionCallbackHelperDeserializeParamsE[_ZN3ros27SubscriptionCallbackHelperTIRKN5boost10shared_ptrIKN9turtlesim5Pose_ISaIvEEEEEvE11deserializeERKNS_43SubscriptionCallbackHelperDeserializeParamsE]+0xef): undefined reference to `ros::console::setLogLocationLevel(ros::console::LogLocation*, ros::console::levels::Level)'
PN_node_turtlesim.cpp:(.text._ZN3ros27SubscriptionCallbackHelperTIRKN5boost10shared_ptrIKN9turtlesim5Pose_ISaIvEEEEEvE11deserializeERKNS_43SubscriptionCallbackHelperDeserializeParamsE[_ZN3ros27SubscriptionCallbackHelperTIRKN5boost10shared_ptrIKN9turtlesim5Pose_ISaIvEEEEEvE11deserializeERKNS_43SubscriptionCallbackHelperDeserializeParamsE]+0xff): undefined reference to `ros::console::checkLogLocationEnabled(ros::console::LogLocation*)'
PN_node_turtlesim.cpp:(.text._ZN3ros27SubscriptionCallbackHelperTIRKN5boost10shared_ptrIKN9turtlesim5Pose_ISaIvEEEEEvE11deserializeERKNS_43SubscriptionCallbackHelperDeserializeParamsE[_ZN3ros27SubscriptionCallbackHelperTIRKN5boost10shared_ptrIKN9turtlesim5Pose_ISaIvEEEEEvE11deserializeERKNS_43SubscriptionCallbackHelperDeserializeParamsE]+0x15d): undefined reference to `ros::console::print(ros::console::FilterBase*, void*, ros::console::levels::Level, char const*, int, char const*, char const*, ...)'
CMakeFiles/PN_node_turtlesim.dir/src/PN_node_turtlesim.cpp.o: In function `void ros::serialization::Serializer<float>::read<ros::serialization::IStream>(ros::serialization::IStream&, float&)':
PN_node_turtlesim.cpp:(.text._ZN3ros13serialization10SerializerIfE4readINS0_7IStreamEEEvRT_Rf[_ZN3ros13serialization10SerializerIfE4readINS0_7IStreamEEEvRT_Rf]+0x3a): undefined reference to `ros::serialization::throwStreamOverrun()'
collect2: error: ld returned 1 exit status
CMakeFiles/PN_node_turtlesim.dir/build.make:94: recipe for target '/home/scp/iiit-delhi/Ardupilot-using-ROS/ardupilot_ws/devel/.private/my_APMrover/lib/my_APMrover/PN_node_turtlesim' failed
make[2]: *** [/home/scp/iiit-delhi/Ardupilot-using-ROS/ardupilot_ws/devel/.private/my_APMrover/lib/my_APMrover/PN_node_turtlesim] Error 1
CMakeFiles/Makefile2:1384: recipe for target 'CMakeFiles/PN_node_turtlesim.dir/all' failed
make[1]: *** [CMakeFiles/PN_node_turtlesim.dir/all] Error 2
Makefile:138: recipe for target 'all' failed
make: *** [all] Error 2
