[36m--[0m Using CATKIN_DEVEL_PREFIX: /home/scp/iiit-delhi/Ardupilot-using-ROS/ardupilot_ws/devel/.private/my_APMrover
[36m--[0m Using CMAKE_PREFIX_PATH: /home/scp/iiit-delhi/Ardupilot-using-ROS/ardupilot_ws/devel;/home/scp/ros-codes/catkin_ws/devel;/opt/ros/kinetic
[36m--[0m This workspace overlays: /home/scp/iiit-delhi/Ardupilot-using-ROS/ardupilot_ws/devel;/home/scp/ros-codes/catkin_ws/devel;/opt/ros/kinetic
[36m--[0m Using PYTHON_EXECUTABLE: /usr/bin/python
[36m--[0m Using Debian Python package layout
[36m--[0m Using empy: /usr/bin/empy
[36m--[0m Using CATKIN_ENABLE_TESTING: ON
[36m--[0m Call enable_testing()
[36m--[0m Using CATKIN_TEST_RESULTS_DIR: /home/scp/iiit-delhi/Ardupilot-using-ROS/ardupilot_ws/build/my_APMrover/test_results
[36m--[0m Found gmock sources under '/usr/src/gmock': gmock will be built
[36m--[0m Found gtest sources under '/usr/src/gmock': gtests will be built
[36m--[0m Using Python nosetests: /usr/bin/nosetests-2.7
[36m--[0m catkin 0.7.11
[36m--[0m Configuring done
[31m[1mCMake Error[0m at /home/scp/iiit-delhi/Ardupilot-using-ROS/ardupilot_ws/src/my_APMrover/CMakeLists.txt:208 (add_executable):
  Cannot find source file:

    src/velocity_rover_P_control.cpp

  Tried extensions .c .C .c++ .cc .cpp .cxx .m .M .mm .h .hh .h++ .hm .hpp
  .hxx .in .txx


CMake Error: CMake can not determine linker language for target: rover_P_control
CMake Error: Cannot determine link language for target "rover_P_control".
[36m--[0m Generating done
[36m--[0m Build files have been written to: /home/scp/iiit-delhi/Ardupilot-using-ROS/ardupilot_ws/build/my_APMrover
Makefile:756: recipe for target 'cmake_check_build_system' failed
make: *** [cmake_check_build_system] Error 1
