Determining if the pthread_create exist failed with the following output:
Change Dir: /home/scp/iiit-delhi/Ardupilot-using-ROS/ardupilot_ws/build/my_turtlesim/CMakeFiles/CMakeTmp

Run Build Command:"/usr/bin/make" "cmTC_f4cd7/fast"
/usr/bin/make -f CMakeFiles/cmTC_f4cd7.dir/build.make CMakeFiles/cmTC_f4cd7.dir/build
make[1]: Entering directory '/home/scp/iiit-delhi/Ardupilot-using-ROS/ardupilot_ws/build/my_turtlesim/CMakeFiles/CMakeTmp'
Building C object CMakeFiles/cmTC_f4cd7.dir/CheckSymbolExists.c.o
/usr/lib/ccache/cc     -o CMakeFiles/cmTC_f4cd7.dir/CheckSymbolExists.c.o   -c /home/scp/iiit-delhi/Ardupilot-using-ROS/ardupilot_ws/build/my_turtlesim/CMakeFiles/CMakeTmp/CheckSymbolExists.c
Linking C executable cmTC_f4cd7
/usr/bin/cmake -E cmake_link_script CMakeFiles/cmTC_f4cd7.dir/link.txt --verbose=1
/usr/lib/ccache/cc       CMakeFiles/cmTC_f4cd7.dir/CheckSymbolExists.c.o  -o cmTC_f4cd7 -rdynamic 
CMakeFiles/cmTC_f4cd7.dir/CheckSymbolExists.c.o: In function `main':
CheckSymbolExists.c:(.text+0xa): undefined reference to `pthread_create'
collect2: error: ld returned 1 exit status
CMakeFiles/cmTC_f4cd7.dir/build.make:97: recipe for target 'cmTC_f4cd7' failed
make[1]: *** [cmTC_f4cd7] Error 1
make[1]: Leaving directory '/home/scp/iiit-delhi/Ardupilot-using-ROS/ardupilot_ws/build/my_turtlesim/CMakeFiles/CMakeTmp'
Makefile:126: recipe for target 'cmTC_f4cd7/fast' failed
make: *** [cmTC_f4cd7/fast] Error 2

File /home/scp/iiit-delhi/Ardupilot-using-ROS/ardupilot_ws/build/my_turtlesim/CMakeFiles/CMakeTmp/CheckSymbolExists.c:
/* */
#include <pthread.h>

int main(int argc, char** argv)
{
  (void)argv;
#ifndef pthread_create
  return ((int*)(&pthread_create))[argc];
#else
  (void)argc;
  return 0;
#endif
}

Determining if the function pthread_create exists in the pthreads failed with the following output:
Change Dir: /home/scp/iiit-delhi/Ardupilot-using-ROS/ardupilot_ws/build/my_turtlesim/CMakeFiles/CMakeTmp

Run Build Command:"/usr/bin/make" "cmTC_8b490/fast"
/usr/bin/make -f CMakeFiles/cmTC_8b490.dir/build.make CMakeFiles/cmTC_8b490.dir/build
make[1]: Entering directory '/home/scp/iiit-delhi/Ardupilot-using-ROS/ardupilot_ws/build/my_turtlesim/CMakeFiles/CMakeTmp'
Building C object CMakeFiles/cmTC_8b490.dir/CheckFunctionExists.c.o
/usr/lib/ccache/cc    -DCHECK_FUNCTION_EXISTS=pthread_create   -o CMakeFiles/cmTC_8b490.dir/CheckFunctionExists.c.o   -c /usr/share/cmake-3.5/Modules/CheckFunctionExists.c
Linking C executable cmTC_8b490
/usr/bin/cmake -E cmake_link_script CMakeFiles/cmTC_8b490.dir/link.txt --verbose=1
/usr/lib/ccache/cc   -DCHECK_FUNCTION_EXISTS=pthread_create    CMakeFiles/cmTC_8b490.dir/CheckFunctionExists.c.o  -o cmTC_8b490 -rdynamic -lpthreads 
/usr/bin/ld: cannot find -lpthreads
collect2: error: ld returned 1 exit status
CMakeFiles/cmTC_8b490.dir/build.make:97: recipe for target 'cmTC_8b490' failed
make[1]: *** [cmTC_8b490] Error 1
make[1]: Leaving directory '/home/scp/iiit-delhi/Ardupilot-using-ROS/ardupilot_ws/build/my_turtlesim/CMakeFiles/CMakeTmp'
Makefile:126: recipe for target 'cmTC_8b490/fast' failed
make: *** [cmTC_8b490/fast] Error 2


